This is pdfTeX, Version 3.14159265-2.6-1.40.21 (TeX Live 2020/W32TeX) (preloaded format=pdflatex 2020.9.23)  12 MAY 2021 22:25
entering extended mode
 restricted \write18 enabled.
 %&-line parsing enabled.
**ParallelRaftCE.tex
(./ParallelRaftCE.tex
LaTeX2e <2020-02-02> patch level 5
L3 programming layer <2020-03-06>
(d:/texlive/texlive/2020/texmf-dist/tex/latex/base/article.cls
Document Class: article 2019/12/20 v1.4l Standard LaTeX document class
(d:/texlive/texlive/2020/texmf-dist/tex/latex/base/size10.clo
File: size10.clo 2019/12/20 v1.4l Standard LaTeX file (size option)
)
\c@part=\count167
\c@section=\count168
\c@subsection=\count169
\c@subsubsection=\count170
\c@paragraph=\count171
\c@subparagraph=\count172
\c@figure=\count173
\c@table=\count174
\abovecaptionskip=\skip47
\belowcaptionskip=\skip48
\bibindent=\dimen134
) (d:/texlive/texlive/2020/texmf-dist/tex/latex/graphics/color.sty
Package: color 2019/11/23 v1.2a Standard LaTeX Color (DPC)
(d:/texlive/texlive/2020/texmf-dist/tex/latex/graphics-cfg/color.cfg
File: color.cfg 2016/01/02 v1.6 sample color configuration
)
Package color Info: Driver file: pdftex.def on input line 147.
(d:/texlive/texlive/2020/texmf-dist/tex/latex/graphics-def/pdftex.def
File: pdftex.def 2018/01/08 v1.0l Graphics/color driver for pdftex
)) (d:/texlive/texlive/2020/texmf-dist/tex/latex/base/latexsym.sty
Package: latexsym 1998/08/17 v2.2e Standard LaTeX package (lasy symbols)
\symlasy=\mathgroup4
LaTeX Font Info:    Overwriting symbol font `lasy' in version `bold'
(Font)                  U/lasy/m/n --> U/lasy/b/n on input line 52.
) (d:/texlive/texlive/2020/texmf-dist/tex/latex/base/ifthen.sty
Package: ifthen 2014/09/29 v1.1c Standard LaTeX ifthen package (DPC)
)
\symlength=\skip49
\equalswidth=\skip50
\charwidth=\skip51
\boxrulewd=\skip52
\boxlineht=\skip53
\boxruleht=\skip54
\boxruledp=\skip55
\pcalvspace=\skip56
\lcomindent=\skip57
\@xlen=\skip58
\templena=\skip59
\templenb=\skip60
\tempboxa=\box45
\vshadelen=\skip61
\boxwidth=\skip62
\multicommentdepth=\skip63
\c@pardepth=\count175
\tempsbox=\box46
\@cparht=\skip64
\@cpardp=\skip65
\xmcomlen=\skip66
\spacewidth=\skip67
\alignboxwidth=\skip68
\alignwidth=\skip69
\alignbox=\box47
\symtlaitalics=\mathgroup5
\c@tlx@ctr=\count176
(d:/texlive/texlive/2020/texmf-dist/tex/latex/tools/verbatim.sty
Package: verbatim 2019/11/10 v1.5r LaTeX2e package for verbatim enhancements
\every@verbatim=\toks15
\verbatim@line=\toks16
\verbatim@in@stream=\read2
) (d:/texlive/texlive/2020/texmf-dist/tex/latex/l3backend/l3backend-pdfmode.def
File: l3backend-pdfmode.def 2020-03-12 L3 backend support: PDF mode
\l__kernel_color_stack_int=\count177
\l__pdf_internal_box=\box48
) (./ParallelRaftCE.aux)
\openout1 = `ParallelRaftCE.aux'.

LaTeX Font Info:    Checking defaults for OML/cmm/m/it on input line 939.
LaTeX Font Info:    ... okay on input line 939.
LaTeX Font Info:    Checking defaults for OMS/cmsy/m/n on input line 939.
LaTeX Font Info:    ... okay on input line 939.
LaTeX Font Info:    Checking defaults for OT1/cmr/m/n on input line 939.
LaTeX Font Info:    ... okay on input line 939.
LaTeX Font Info:    Checking defaults for T1/cmr/m/n on input line 939.
LaTeX Font Info:    ... okay on input line 939.
LaTeX Font Info:    Checking defaults for TS1/cmr/m/n on input line 939.
LaTeX Font Info:    ... okay on input line 939.
LaTeX Font Info:    Checking defaults for OMX/cmex/m/n on input line 939.
LaTeX Font Info:    ... okay on input line 939.
LaTeX Font Info:    Checking defaults for U/cmr/m/n on input line 939.
LaTeX Font Info:    ... okay on input line 939.
(d:/texlive/texlive/2020/texmf-dist/tex/context/base/mkii/supp-pdf.mkii
[Loading MPS to PDF converter (version 2006.09.02).]
\scratchcounter=\count178
\scratchdimen=\dimen135
\scratchbox=\box49
\nofMPsegments=\count179
\nofMParguments=\count180
\everyMPshowfont=\toks17
\MPscratchCnt=\count181
\MPscratchDim=\dimen136
\MPnumerator=\count182
\makeMPintoPDFobject=\count183
\everyMPtoPDFconversion=\toks18
)
LaTeX Font Info:    External font `cmex10' loaded for size
(Font)              <7> on input line 942.
LaTeX Font Info:    External font `cmex10' loaded for size
(Font)              <5> on input line 942.
LaTeX Font Info:    Trying to load font information for U+lasy on input line 94
2.
(d:/texlive/texlive/2020/texmf-dist/tex/latex/base/ulasy.fd
File: ulasy.fd 1998/08/17 v2.2e LaTeX symbol font definitions
)
LaTeX Font Info:    External font `cmex10' loaded for size
(Font)              <8> on input line 947.
LaTeX Font Info:    External font `cmex10' loaded for size
(Font)              <6> on input line 947.

Overfull \hbox (63.81337pt too wide) in paragraph at lines 987--988
[][] 
 []

[1

{d:/texlive/texlive/2020/texmf-var/fonts/map/pdftex/updmap/pdftex.map}]
Overfull \hbox (111.83444pt too wide) in paragraph at lines 1040--1041
[][] 
 []


Overfull \hbox (54.79306pt too wide) in paragraph at lines 1049--1051
[][] 
 []


Overfull \hbox (32.22957pt too wide) in paragraph at lines 1056--1058
[][] 
 []

[2]
Overfull \hbox (98.48749pt too wide) in paragraph at lines 1084--1085
[][] 
 []


Overfull \hbox (69.84123pt too wide) in paragraph at lines 1098--1099
[][] 
 []


Overfull \hbox (61.31123pt too wide) in paragraph at lines 1112--1113
[][] 
 []


Overfull \hbox (5.6pt too wide) in paragraph at lines 1124--1125
[][] 
 []

[3]
Overfull \hbox (37.0416pt too wide) in paragraph at lines 1145--1147
[][] 
 []


Overfull \hbox (136.99161pt too wide) in paragraph at lines 1153--1154
[][] 
 []


Overfull \hbox (50.25832pt too wide) in paragraph at lines 1161--1163
[][] 
 []


Overfull \hbox (87.92035pt too wide) in paragraph at lines 1163--1164
[][] 
 []


Overfull \hbox (136.9196pt too wide) in paragraph at lines 1164--1166
[][] 
 []


Overfull \hbox (126.49054pt too wide) in paragraph at lines 1166--1167
[][] 
 []


Overfull \hbox (22.1376pt too wide) in paragraph at lines 1176--1177
[][] 
 []


Overfull \hbox (2.51285pt too wide) in paragraph at lines 1179--1181
[][] 
 []


Overfull \hbox (11.59657pt too wide) in paragraph at lines 1181--1182
[][] 
 []


Overfull \hbox (85.49454pt too wide) in paragraph at lines 1186--1192
[][][][] 
 []


Overfull \hbox (102.21817pt too wide) in paragraph at lines 1192--1194
[][] 
 []


Overfull \hbox (18.61086pt too wide) in paragraph at lines 1194--1195
[][] 
 []

[4]
Overfull \hbox (181.60942pt too wide) in paragraph at lines 1200--1202
[][] 
 []


Overfull \hbox (218.18004pt too wide) in paragraph at lines 1206--1207
[][] 
 []


Overfull \hbox (218.17433pt too wide) in paragraph at lines 1207--1208
[][] 
 []


Overfull \hbox (215.03986pt too wide) in paragraph at lines 1208--1209
[][] 
 []


Overfull \hbox (223.51167pt too wide) in paragraph at lines 1209--1210
[][] 
 []


Overfull \hbox (168.01497pt too wide) in paragraph at lines 1210--1213
[][] 
 []


Overfull \hbox (242.31345pt too wide) in paragraph at lines 1213--1215
[][] 
 []


Overfull \hbox (184.78653pt too wide) in paragraph at lines 1215--1216
[][] 
 []


Overfull \hbox (184.78433pt too wide) in paragraph at lines 1216--1217
[][] 
 []


Overfull \hbox (181.64986pt too wide) in paragraph at lines 1217--1218
[][] 
 []


Overfull \hbox (190.12167pt too wide) in paragraph at lines 1218--1219
[][] 
 []


Overfull \hbox (137.40276pt too wide) in paragraph at lines 1219--1221
[][] 
 []


Overfull \hbox (21.56418pt too wide) in paragraph at lines 1221--1223
[][] 
 []


Overfull \hbox (28.49084pt too wide) in paragraph at lines 1223--1224
[][] 
 []


Overfull \hbox (4.64546pt too wide) in paragraph at lines 1231--1237
[][][][] 
 []


Overfull \hbox (13.75363pt too wide) in paragraph at lines 1237--1238
[][] 
 []


Overfull \hbox (8.23746pt too wide) in paragraph at lines 1248--1254
[][][][] 
 []


Overfull \hbox (38.89554pt too wide) in paragraph at lines 1262--1263
[][] 
 []


Overfull \hbox (4.4811pt too wide) in paragraph at lines 1270--1271
[][] 
 []

[5]
Overfull \hbox (240.53342pt too wide) in paragraph at lines 1284--1285
[][] 
 []


Overfull \hbox (240.52432pt too wide) in paragraph at lines 1285--1286
[][] 
 []


Overfull \hbox (242.36652pt too wide) in paragraph at lines 1286--1287
[][] 
 []


Overfull \hbox (270.28168pt too wide) in paragraph at lines 1287--1288
[][] 
 []


Overfull \hbox (214.78497pt too wide) in paragraph at lines 1288--1290
[][] 
 []


Overfull \hbox (171.84367pt too wide) in paragraph at lines 1290--1292
[][] 
 []


Overfull \hbox (280.157pt too wide) in paragraph at lines 1292--1293
[][] 
 []


Overfull \hbox (127.581pt too wide) in paragraph at lines 1293--1294
[][] 
 []


Overfull \hbox (127.57433pt too wide) in paragraph at lines 1294--1295
[][] 
 []


Overfull \hbox (126.34987pt too wide) in paragraph at lines 1295--1296
[][] 
 []


Overfull \hbox (162.88725pt too wide) in paragraph at lines 1296--1299
[][] 
 []


Overfull \hbox (63.68457pt too wide) in paragraph at lines 1299--1300
[][] 
 []


Overfull \hbox (94.49323pt too wide) in paragraph at lines 1313--1314
[][] 
 []


Overfull \hbox (13.54123pt too wide) in paragraph at lines 1331--1333
[][] 
 []


Overfull \hbox (213.96352pt too wide) in paragraph at lines 1333--1338
[][][][] 
 []

[6]
Overfull \hbox (17.28212pt too wide) in paragraph at lines 1350--1351
[][] 
 []


Overfull \hbox (12.53346pt too wide) in paragraph at lines 1360--1362
[][] 
 []


Overfull \hbox (29.55807pt too wide) in paragraph at lines 1366--1368
[][] 
 []


Overfull \hbox (34.49889pt too wide) in paragraph at lines 1368--1370
[][] 
 []


Overfull \hbox (169.6672pt too wide) in paragraph at lines 1399--1400
[][] 
 []


Overfull \hbox (167.47192pt too wide) in paragraph at lines 1400--1401
[][] 
 []


Overfull \hbox (173.46967pt too wide) in paragraph at lines 1401--1402
[][] 
 []


Overfull \hbox (156.085pt too wide) in paragraph at lines 1402--1403
[][] 
 []


Overfull \hbox (105.83276pt too wide) in paragraph at lines 1403--1404
[][] 
 []

[7]
Overfull \hbox (116.88757pt too wide) in paragraph at lines 1415--1416
[][] 
 []


Overfull \hbox (108.6372pt too wide) in paragraph at lines 1456--1457
[][] 
 []


Overfull \hbox (106.43192pt too wide) in paragraph at lines 1457--1458
[][] 
 []


Overfull \hbox (115.4963pt too wide) in paragraph at lines 1458--1459
[][] 
 []


Overfull \hbox (95.045pt too wide) in paragraph at lines 1459--1460
[][] 
 []


Overfull \hbox (44.80276pt too wide) in paragraph at lines 1460--1463
[][] 
 []


Overfull \hbox (104.93497pt too wide) in paragraph at lines 1463--1464
[][] 
 []

[8]
Overfull \hbox (33.30772pt too wide) in paragraph at lines 1479--1480
[][] 
 []


Overfull \hbox (37.32895pt too wide) in paragraph at lines 1497--1498
[][] 
 []

[9]
Overfull \hbox (74.19002pt too wide) in paragraph at lines 1542--1544
[][] 
 []


Overfull \hbox (10.47696pt too wide) in paragraph at lines 1550--1552
[][] 
 []


Overfull \hbox (29.668pt too wide) in paragraph at lines 1568--1569
[][] 
 []


Overfull \hbox (34.92406pt too wide) in paragraph at lines 1574--1575
[][] 
 []


Overfull \hbox (4.55438pt too wide) in paragraph at lines 1578--1580
[][] 
 []

[10] (./ParallelRaftCE.aux) ) 
Here is how much of TeX's memory you used:
 1236 strings out of 480608
 16847 string characters out of 5903608
 264355 words of memory out of 5000000
 17166 multiletter control sequences out of 15000+600000
 537203 words of font info for 43 fonts, out of 8000000 for 9000
 1141 hyphenation exceptions out of 8191
 25i,10n,25p,233b,239s stack positions out of 5000i,500n,10000p,200000b,80000s
<d:/texlive/texlive/2020/texmf-dist/fonts/type1/pu
blic/amsfonts/cm/cmcsc10.pfb><d:/texlive/texlive/2020/texmf-dist/fonts/type1/pu
blic/amsfonts/cm/cmmi10.pfb><d:/texlive/texlive/2020/texmf-dist/fonts/type1/pub
lic/amsfonts/cm/cmr10.pfb><d:/texlive/texlive/2020/texmf-dist/fonts/type1/publi
c/amsfonts/cm/cmr5.pfb><d:/texlive/texlive/2020/texmf-dist/fonts/type1/public/a
msfonts/cm/cmr8.pfb><d:/texlive/texlive/2020/texmf-dist/fonts/type1/public/amsf
onts/cm/cmr9.pfb><d:/texlive/texlive/2020/texmf-dist/fonts/type1/public/amsfont
s/cm/cmsy10.pfb><d:/texlive/texlive/2020/texmf-dist/fonts/type1/public/amsfonts
/cm/cmsy7.pfb><d:/texlive/texlive/2020/texmf-dist/fonts/type1/public/amsfonts/c
m/cmsy8.pfb><d:/texlive/texlive/2020/texmf-dist/fonts/type1/public/amsfonts/cm/
cmti10.pfb><d:/texlive/texlive/2020/texmf-dist/fonts/type1/public/amsfonts/cm/c
mti7.pfb><d:/texlive/texlive/2020/texmf-dist/fonts/type1/public/amsfonts/cm/cmt
i8.pfb><d:/texlive/texlive/2020/texmf-dist/fonts/type1/public/amsfonts/latxfont
/lasy10.pfb>
Output written on ParallelRaftCE.pdf (10 pages, 151806 bytes).
PDF statistics:
 89 PDF objects out of 1000 (max. 8388607)
 63 compressed objects within 1 object stream
 0 named destinations out of 1000 (max. 500000)
 1 words of extra memory for PDF output out of 10000 (max. 10000000)

